<?xml version="1.0" encoding="UTF-8"?>
<!-- Generated by org.testng.reporters.JUnitXMLReporter -->
<testsuite ignored="0" hostname="Nijeesh" failures="2" tests="2" name="Test" time="21.622" errors="0" timestamp="2024-03-26T18:56:17 IST">
  <testcase classname="qwy.automationqwy.Shopadminadduser" name="adduser" time="7.603">
    <failure type="java.lang.AssertionError" message="User Not Added expected [true] but found [false]">
      <![CDATA[java.lang.AssertionError: User Not Added expected [true] but found [false]
at qwy.automationqwy.Shopadminadduser.adduser(Shopadminadduser.java:47)
at java.base/java.util.ArrayList.forEach(ArrayList.java:1511)
... Removed 30 stack frames]]>
    </failure>
  </testcase> <!-- adduser -->
  <testcase classname="qwy.automationqwy.Shopadminadduser" name="addexistinguser" time="1.119">
    <failure type="org.openqa.selenium.ElementClickInterceptedException" message="element click intercepted: Element &amp;lt;button _ngcontent-ehk-c188=&amp;quot;&amp;quot; type=&amp;quot;button&amp;quot; class=&amp;quot;btn btn-primary sample-csv-btn csvBtn p-0 h-35px&amp;quot;&amp;gt;...&amp;lt;/button&amp;gt; is not clickable at point (1456, 126). Other element would receive the click: &amp;lt;modal-container role=&amp;quot;dialog&amp;quot; tabindex=&amp;quot;-1&amp;quot; class=&amp;quot;modal fade show&amp;quot; style=&amp;quot;display: block;&amp;quot; aria-modal=&amp;quot;true&amp;quot;&amp;gt;...&amp;lt;/modal-container&amp;gt;
  (Session info: chrome=123.0.6312.59)
Build info: version: &amp;apos;4.17.0&amp;apos;, revision: &amp;apos;e52b1be057*&amp;apos;
System info: os.name: &amp;apos;Windows 11&amp;apos;, os.arch: &amp;apos;amd64&amp;apos;, os.version: &amp;apos;10.0&amp;apos;, java.version: &amp;apos;17.0.6&amp;apos;
Driver info: org.openqa.selenium.chrome.ChromeDriver
Command: [2db1f3c20c5d447ede564d9f12ad57fe, clickElement {id=f.37BAC4BB155B66B1938D34C3842D05B7.d.B4101AB426713D6A9CDBAC68DBE4630A.e.65}]
Capabilities {acceptInsecureCerts: false, browserName: chrome, browserVersion: 123.0.6312.59, chrome: {chromedriverVersion: 123.0.6312.58 (6b4b19e9dfbb..., userDataDir: C:\Users\Niju\AppData\Local...}, fedcm:accounts: true, goog:chromeOptions: {debuggerAddress: localhost:64992}, networkConnectionEnabled: false, pageLoadStrategy: normal, platformName: windows, proxy: Proxy(), se:cdp: ws://localhost:64992/devtoo..., se:cdpVersion: 123.0.6312.59, setWindowRect: true, strictFileInteractability: false, timeouts: {implicit: 0, pageLoad: 300000, script: 30000}, unhandledPromptBehavior: dismiss and notify, webauthn:extension:credBlob: true, webauthn:extension:largeBlob: true, webauthn:extension:minPinLength: true, webauthn:extension:prf: true, webauthn:virtualAuthenticators: true}
Element: [[ChromeDriver: chrome on windows (2db1f3c20c5d447ede564d9f12ad57fe)] -&amp;gt; xpath: //button[normalize-space()=&amp;apos;Add User&amp;apos;]]
Session ID: 2db1f3c20c5d447ede564d9f12ad57fe">
      <![CDATA[org.openqa.selenium.ElementClickInterceptedException: element click intercepted: Element <button _ngcontent-ehk-c188="" type="button" class="btn btn-primary sample-csv-btn csvBtn p-0 h-35px">...</button> is not clickable at point (1456, 126). Other element would receive the click: <modal-container role="dialog" tabindex="-1" class="modal fade show" style="display: block;" aria-modal="true">...</modal-container>
  (Session info: chrome=123.0.6312.59)
Build info: version: '4.17.0', revision: 'e52b1be057*'
System info: os.name: 'Windows 11', os.arch: 'amd64', os.version: '10.0', java.version: '17.0.6'
Driver info: org.openqa.selenium.chrome.ChromeDriver
Command: [2db1f3c20c5d447ede564d9f12ad57fe, clickElement {id=f.37BAC4BB155B66B1938D34C3842D05B7.d.B4101AB426713D6A9CDBAC68DBE4630A.e.65}]
Capabilities {acceptInsecureCerts: false, browserName: chrome, browserVersion: 123.0.6312.59, chrome: {chromedriverVersion: 123.0.6312.58 (6b4b19e9dfbb..., userDataDir: C:\Users\Niju\AppData\Local...}, fedcm:accounts: true, goog:chromeOptions: {debuggerAddress: localhost:64992}, networkConnectionEnabled: false, pageLoadStrategy: normal, platformName: windows, proxy: Proxy(), se:cdp: ws://localhost:64992/devtoo..., se:cdpVersion: 123.0.6312.59, setWindowRect: true, strictFileInteractability: false, timeouts: {implicit: 0, pageLoad: 300000, script: 30000}, unhandledPromptBehavior: dismiss and notify, webauthn:extension:credBlob: true, webauthn:extension:largeBlob: true, webauthn:extension:minPinLength: true, webauthn:extension:prf: true, webauthn:virtualAuthenticators: true}
Element: [[ChromeDriver: chrome on windows (2db1f3c20c5d447ede564d9f12ad57fe)] -> xpath: //button[normalize-space()='Add User']]
Session ID: 2db1f3c20c5d447ede564d9f12ad57fe
at org.openqa.selenium.remote.codec.w3c.W3CHttpResponseCodec.createException(W3CHttpResponseCodec.java:185)
at org.openqa.selenium.remote.codec.w3c.W3CHttpResponseCodec.decode(W3CHttpResponseCodec.java:134)
at org.openqa.selenium.remote.codec.w3c.W3CHttpResponseCodec.decode(W3CHttpResponseCodec.java:51)
at org.openqa.selenium.remote.HttpCommandExecutor.execute(HttpCommandExecutor.java:190)
at org.openqa.selenium.remote.service.DriverCommandExecutor.invokeExecute(DriverCommandExecutor.java:216)
at org.openqa.selenium.remote.service.DriverCommandExecutor.execute(DriverCommandExecutor.java:174)
at org.openqa.selenium.remote.RemoteWebDriver.execute(RemoteWebDriver.java:519)
at org.openqa.selenium.remote.RemoteWebElement.execute(RemoteWebElement.java:223)
at org.openqa.selenium.remote.RemoteWebElement.click(RemoteWebElement.java:76)
at org.openqa.selenium.support.pagefactory.internal.LocatingElementHandler.invoke(LocatingElementHandler.java:51)
at jdk.proxy2/jdk.proxy2.$Proxy12.click(Unknown Source)
at qwy.automationqwy.Pageobject.UseraddPage.addexistinguser(UseraddPage.java:101)
at qwy.automationqwy.Shopadminadduser.addexistinguser(Shopadminadduser.java:52)
at java.base/java.util.ArrayList.forEach(ArrayList.java:1511)
... Removed 36 stack frames]]>
    </failure>
  </testcase> <!-- addexistinguser -->
</testsuite> <!-- Test -->
