<?xml version="1.0" encoding="UTF-8"?>
<!-- Generated by org.testng.reporters.JUnitXMLReporter -->
<testsuite ignored="0" hostname="Nijeesh" failures="0" tests="5" name="Test" time="46.166" errors="0" timestamp="2024-01-05T12:01:53 IST">
  <testcase classname="qwy.automationqwy.CustomerWebFramework" name="performLogin" time="5.27"/>
  <testcase classname="qwy.automationqwy.CustomerWebFramework" name="performAddToCart" time="10.552"/>
  <testcase classname="qwy.automationqwy.CustomerWebFramework" name="performPayment" time="7.089"/>
  <testcase classname="qwy.automationqwy.ShopMerchantFramework" name="login" time="3.74"/>
  <testcase classname="qwy.automationqwy.ShopMerchantFramework" name="orderModule" time="11.539"/>
</testsuite> <!-- Test -->
