<?xml version="1.0" encoding="UTF-8"?>
<!-- Generated by org.testng.reporters.JUnitXMLReporter -->
<testsuite ignored="1" hostname="Nijeesh" failures="0" tests="1" name="Default test" time="17.313" errors="0" timestamp="2024-01-23T13:04:38 IST">
  <testcase classname="qwy.automationqwy.ShopAdmin" name="shopCsvDownload" time="11.099"/>
  <testcase classname="qwy.automationqwy.ShopAdmin" name="erpStatus" time="0.0">
    <ignored/>
  </testcase> <!-- erpStatus -->
</testsuite> <!-- Default test -->
