<?xml version="1.0" encoding="UTF-8"?>
<!-- Generated by org.testng.reporters.JUnitXMLReporter -->
<testsuite ignored="10" hostname="Nijeesh" failures="0" tests="1" name="Default test" time="16.19" errors="0" timestamp="2024-03-13T13:34:41 IST">
  <testcase classname="qwy.automationqwy.ShopAdminTest" name="PromotionNameSearch" time="6.817"/>
  <testcase classname="qwy.automationqwy.ShopAdminTest" name="merchantthirdparty" time="0.0">
    <ignored/>
  </testcase> <!-- merchantthirdparty -->
  <testcase classname="qwy.automationqwy.ShopAdminTest" name="merchantEditMerchantName" time="0.0">
    <ignored/>
  </testcase> <!-- merchantEditMerchantName -->
  <testcase classname="qwy.automationqwy.ShopAdminTest" name="merchantfilter" time="0.0">
    <ignored/>
  </testcase> <!-- merchantfilter -->
  <testcase classname="qwy.automationqwy.ShopAdminTest" name="PromotionRegionfilter" time="0.0">
    <ignored/>
  </testcase> <!-- PromotionRegionfilter -->
  <testcase classname="qwy.automationqwy.ShopAdminTest" name="merchantEditMerchantEmail" time="0.0">
    <ignored/>
  </testcase> <!-- merchantEditMerchantEmail -->
  <testcase classname="qwy.automationqwy.ShopAdminTest" name="merchantEditMerchantPasswor" time="0.0">
    <ignored/>
  </testcase> <!-- merchantEditMerchantPasswor -->
  <testcase classname="qwy.automationqwy.ShopAdminTest" name="erpStatus" time="0.0">
    <ignored/>
  </testcase> <!-- erpStatus -->
  <testcase classname="qwy.automationqwy.ShopAdminTest" name="dashboardFilter" time="0.0">
    <ignored/>
  </testcase> <!-- dashboardFilter -->
  <testcase classname="qwy.automationqwy.ShopAdminTest" name="merchantEditMerchantNumber" time="0.0">
    <ignored/>
  </testcase> <!-- merchantEditMerchantNumber -->
  <testcase classname="qwy.automationqwy.ShopAdminTest" name="merchantAdd" time="0.0">
    <ignored/>
  </testcase> <!-- merchantAdd -->
</testsuite> <!-- Default test -->
