<?xml version="1.0" encoding="UTF-8"?>
<!-- Generated by org.testng.reporters.JUnitXMLReporter -->
<testsuite ignored="0" hostname="Nijeesh" failures="0" tests="4" name="Test" time="25.823" errors="0" timestamp="2024-01-04T19:07:57 IST">
  <testcase classname="qwy.automationqwy.CustomerWebLoginErrorValidation" name="testEmptyCredentials" time="1.556"/>
  <testcase classname="qwy.automationqwy.CustomerWebLoginErrorValidation" name="testInvalidCredentials" time="5.575"/>
  <testcase classname="qwy.automationqwy.CustomerWebLoginErrorValidation" name="testIncorrectUsername" time="5.97"/>
  <testcase classname="qwy.automationqwy.CustomerWebLoginErrorValidation" name="testIncorrectPassword" time="5.492"/>
</testsuite> <!-- Test -->
