<?xml version="1.0" encoding="UTF-8"?>
<!-- Generated by org.testng.reporters.JUnitXMLReporter -->
<testsuite ignored="0" hostname="Nijeesh" failures="0" tests="5" name="CustomerWebLoginErrorValidation" time="2.539" errors="0" timestamp="2024-02-23T11:58:31 IST">
  <testcase classname="qwy.automationqwy.CustomerWebLoginErrorValidation" name="@BeforeClass setUp" time="2.419">
    <failure type="io.github.bonigarcia.wdm.config.WebDriverManagerException" message="java.lang.NumberFormatException: For input string: &amp;quot;public&amp;quot;">
      <![CDATA[io.github.bonigarcia.wdm.config.WebDriverManagerException: java.lang.NumberFormatException: For input string: "public"
at io.github.bonigarcia.wdm.WebDriverManager.handleException(WebDriverManager.java:1435)
at io.github.bonigarcia.wdm.WebDriverManager.manage(WebDriverManager.java:1195)
at io.github.bonigarcia.wdm.WebDriverManager.fallback(WebDriverManager.java:1451)
at io.github.bonigarcia.wdm.WebDriverManager.handleException(WebDriverManager.java:1432)
at io.github.bonigarcia.wdm.WebDriverManager.manage(WebDriverManager.java:1195)
at io.github.bonigarcia.wdm.WebDriverManager.handleException(WebDriverManager.java:1425)
at io.github.bonigarcia.wdm.WebDriverManager.manage(WebDriverManager.java:1195)
at io.github.bonigarcia.wdm.WebDriverManager.setup(WebDriverManager.java:427)
at qwy.automationqwy.CustomerWebLoginErrorValidation.setUp(CustomerWebLoginErrorValidation.java:24)
at java.base/java.util.ArrayList.forEach(ArrayList.java:1511)
Caused by: java.lang.NumberFormatException: For input string: "public"
at java.base/java.lang.NumberFormatException.forInputString(NumberFormatException.java:67)
at java.base/java.lang.Integer.parseInt(Integer.java:668)
at java.base/java.lang.Integer.parseInt(Integer.java:786)
at io.github.bonigarcia.wdm.managers.ChromeDriverManager.buildUrl(ChromeDriverManager.java:178)
at io.github.bonigarcia.wdm.managers.ChromeDriverManager.buildUrl(ChromeDriverManager.java:155)
at io.github.bonigarcia.wdm.WebDriverManager.download(WebDriverManager.java:1272)
at io.github.bonigarcia.wdm.WebDriverManager.manage(WebDriverManager.java:1189)
... 33 more
... Removed 25 stack frames]]>
    </failure>
  </testcase> <!-- @BeforeClass setUp -->
  <testcase classname="qwy.automationqwy.CustomerWebLoginErrorValidation" name="@AfterClass tearDown" time="0.0">
    <skipped/>
  </testcase> <!-- @AfterClass tearDown -->
  <testcase classname="qwy.automationqwy.CustomerWebLoginErrorValidation" name="testEmptyCredentials" time="0.0">
    <skipped/>
  </testcase> <!-- testEmptyCredentials -->
  <testcase classname="qwy.automationqwy.CustomerWebLoginErrorValidation" name="testInvalidCredentials" time="0.0">
    <skipped/>
  </testcase> <!-- testInvalidCredentials -->
  <testcase classname="qwy.automationqwy.CustomerWebLoginErrorValidation" name="testIncorrectUsername" time="0.0">
    <skipped/>
  </testcase> <!-- testIncorrectUsername -->
  <testcase classname="qwy.automationqwy.CustomerWebLoginErrorValidation" name="testIncorrectPassword" time="0.0">
    <skipped/>
  </testcase> <!-- testIncorrectPassword -->
  <testcase classname="qwy.automationqwy.CustomerWebLoginErrorValidation" name="testAcceptingChar" time="0.0">
    <skipped/>
  </testcase> <!-- testAcceptingChar -->
</testsuite> <!-- CustomerWebLoginErrorValidation -->
