<?xml version="1.0" encoding="UTF-8"?>
<!-- Generated by org.testng.reporters.JUnitXMLReporter -->
<testsuite ignored="0" hostname="Nijeesh" failures="0" tests="3" name="MerchantWeb" time="16.101" errors="0" timestamp="2024-01-05T11:56:26 IST">
  <testcase classname="qwy.automationqwy.MerchantWeb" name="login" time="8.95"/>
  <testcase classname="qwy.automationqwy.MerchantWeb" name="deatils" time="0.61"/>
  <testcase classname="qwy.automationqwy.MerchantWeb" name="placeOrder" time="3.362"/>
</testsuite> <!-- MerchantWeb -->
